<?xml version="1.0" encoding="UTF-8"?>
<testng-results ignored="0" total="1" passed="1" failed="0" skipped="0">
  <reporter-output>
  </reporter-output>
  <suite started-at="2021-11-07T19:07:45 IST" name="Default suite" finished-at="2021-11-07T19:08:03 IST" duration-ms="18862">
    <groups>
    </groups>
    <test started-at="2021-11-07T19:07:45 IST" name="Default test" finished-at="2021-11-07T19:08:03 IST" duration-ms="18862">
      <class name="org.tests.LaunchBrowser">
        <test-method signature="LaunchbrowserTest()[pri:0, instance:org.tests.LaunchBrowser@794cb805]" started-at="2021-11-07T19:07:45 IST" name="LaunchbrowserTest" finished-at="2021-11-07T19:08:03 IST" duration-ms="18785" status="PASS">
          <reporter-output>
          </reporter-output>
        </test-method> <!-- LaunchbrowserTest -->
      </class> <!-- org.tests.LaunchBrowser -->
    </test> <!-- Default test -->
  </suite> <!-- Default suite -->
</testng-results>
